<?xml version="1.0" encoding="UTF-8"?>
<coverage generated="1746878796557" clover="3.2.0">
  <project timestamp="1746878796558" name="All files">
    <metrics statements="34" coveredstatements="31" conditionals="12" coveredconditionals="10" methods="8" coveredmethods="8" elements="54" coveredelements="49" complexity="0" loc="34" ncloc="34" packages="1" files="1" classes="1"/>
    <file name="opa-integration.js" path="C:\Users\seree\Desktop\Final year project\Docker-Project\vuln-dashboard\opa-integration.js">
      <metrics statements="34" coveredstatements="31" conditionals="12" coveredconditionals="10" methods="8" coveredmethods="8"/>
      <line num="2" count="4" type="stmt"/>
      <line num="3" count="4" type="stmt"/>
      <line num="4" count="4" type="cond" truecount="2" falsecount="0"/>
      <line num="5" count="3" type="stmt"/>
      <line num="6" count="3" type="cond" truecount="1" falsecount="1"/>
      <line num="8" count="1" type="stmt"/>
      <line num="9" count="1" type="stmt"/>
      <line num="14" count="4" type="stmt"/>
      <line num="15" count="4" type="stmt"/>
      <line num="23" count="4" type="stmt"/>
      <line num="24" count="4" type="stmt"/>
      <line num="25" count="4" type="stmt"/>
      <line num="27" count="0" type="stmt"/>
      <line num="28" count="0" type="stmt"/>
      <line num="33" count="2" type="stmt"/>
      <line num="34" count="2" type="stmt"/>
      <line num="35" count="2" type="stmt"/>
      <line num="37" count="2" type="stmt"/>
      <line num="38" count="4" type="stmt"/>
      <line num="39" count="2" type="stmt"/>
      <line num="40" count="4" type="stmt"/>
      <line num="41" count="2" type="stmt"/>
      <line num="42" count="4" type="stmt"/>
      <line num="43" count="2" type="stmt"/>
      <line num="44" count="4" type="stmt"/>
      <line num="46" count="2" type="stmt"/>
      <line num="50" count="4" type="stmt"/>
      <line num="57" count="2" type="stmt"/>
      <line num="58" count="2" type="cond" truecount="2" falsecount="0"/>
      <line num="59" count="2" type="cond" truecount="2" falsecount="0"/>
      <line num="62" count="0" type="stmt"/>
      <line num="66" count="1" type="stmt"/>
      <line num="72" count="1" type="cond" truecount="3" falsecount="1"/>
      <line num="73" count="1" type="stmt"/>
    </file>
  </project>
</coverage>
