{"C:\\Users\\seree\\Desktop\\Final year project\\Docker-Project\\vuln-dashboard\\opa-integration.js": {"path":"C:\\Users\\seree\\Desktop\\Final year project\\Docker-Project\\vuln-dashboard\\opa-integration.js","statementMap":{"0":{"start":{"line":2,"column":4},"end":{"line":10,"column":5}},"1":{"start":{"line":3,"column":25},"end":{"line":3,"column":68}},"2":{"start":{"line":4,"column":8},"end":{"line":4,"column":73}},"3":{"start":{"line":4,"column":26},"end":{"line":4,"column":73}},"4":{"start":{"line":5,"column":21},"end":{"line":5,"column":42}},"5":{"start":{"line":6,"column":8},"end":{"line":6,"column":57}},"6":{"start":{"line":8,"column":8},"end":{"line":8,"column":67}},"7":{"start":{"line":9,"column":8},"end":{"line":9,"column":18}},"8":{"start":{"line":14,"column":4},"end":{"line":29,"column":5}},"9":{"start":{"line":15,"column":25},"end":{"line":21,"column":10}},"10":{"start":{"line":23,"column":23},"end":{"line":23,"column":44}},"11":{"start":{"line":24,"column":8},"end":{"line":24,"column":45}},"12":{"start":{"line":25,"column":8},"end":{"line":25,"column":29}},"13":{"start":{"line":27,"column":8},"end":{"line":27,"column":68}},"14":{"start":{"line":28,"column":8},"end":{"line":28,"column":21}},"15":{"start":{"line":33,"column":4},"end":{"line":63,"column":5}},"16":{"start":{"line":34,"column":22},"end":{"line":34,"column":52}},"17":{"start":{"line":35,"column":8},"end":{"line":35,"column":54}},"18":{"start":{"line":37,"column":8},"end":{"line":38,"column":64}},"19":{"start":{"line":38,"column":30},"end":{"line":38,"column":55}},"20":{"start":{"line":39,"column":8},"end":{"line":40,"column":60}},"21":{"start":{"line":40,"column":30},"end":{"line":40,"column":51}},"22":{"start":{"line":41,"column":8},"end":{"line":42,"column":62}},"23":{"start":{"line":42,"column":30},"end":{"line":42,"column":53}},"24":{"start":{"line":43,"column":8},"end":{"line":44,"column":59}},"25":{"start":{"line":44,"column":30},"end":{"line":44,"column":50}},"26":{"start":{"line":46,"column":26},"end":{"line":55,"column":10}},"27":{"start":{"line":50,"column":49},"end":{"line":53,"column":17}},"28":{"start":{"line":57,"column":30},"end":{"line":57,"column":67}},"29":{"start":{"line":58,"column":8},"end":{"line":58,"column":70}},"30":{"start":{"line":59,"column":8},"end":{"line":59,"column":77}},"31":{"start":{"line":62,"column":8},"end":{"line":62,"column":57}},"32":{"start":{"line":66,"column":0},"end":{"line":70,"column":2}},"33":{"start":{"line":72,"column":0},"end":{"line":74,"column":1}},"34":{"start":{"line":73,"column":2},"end":{"line":73,"column":51}}},"fnMap":{"0":{"name":"fetchVulnerabilityData","decl":{"start":{"line":1,"column":15},"end":{"line":1,"column":37}},"loc":{"start":{"line":1,"column":40},"end":{"line":11,"column":1}},"line":1},"1":{"name":"checkContainerSecurity","decl":{"start":{"line":13,"column":15},"end":{"line":13,"column":37}},"loc":{"start":{"line":13,"column":49},"end":{"line":30,"column":1}},"line":13},"2":{"name":"updateDashboard","decl":{"start":{"line":32,"column":15},"end":{"line":32,"column":30}},"loc":{"start":{"line":32,"column":33},"end":{"line":64,"column":1}},"line":32},"3":{"name":"(anonymous_3)","decl":{"start":{"line":38,"column":25},"end":{"line":38,"column":26}},"loc":{"start":{"line":38,"column":30},"end":{"line":38,"column":55}},"line":38},"4":{"name":"(anonymous_4)","decl":{"start":{"line":40,"column":25},"end":{"line":40,"column":26}},"loc":{"start":{"line":40,"column":30},"end":{"line":40,"column":51}},"line":40},"5":{"name":"(anonymous_5)","decl":{"start":{"line":42,"column":25},"end":{"line":42,"column":26}},"loc":{"start":{"line":42,"column":30},"end":{"line":42,"column":53}},"line":42},"6":{"name":"(anonymous_6)","decl":{"start":{"line":44,"column":25},"end":{"line":44,"column":26}},"loc":{"start":{"line":44,"column":30},"end":{"line":44,"column":50}},"line":44},"7":{"name":"(anonymous_7)","decl":{"start":{"line":50,"column":43},"end":{"line":50,"column":44}},"loc":{"start":{"line":50,"column":49},"end":{"line":53,"column":17}},"line":50}},"branchMap":{"0":{"loc":{"start":{"line":4,"column":8},"end":{"line":4,"column":73}},"type":"if","locations":[{"start":{"line":4,"column":8},"end":{"line":4,"column":73}},{"start":{},"end":{}}],"line":4},"1":{"loc":{"start":{"line":6,"column":15},"end":{"line":6,"column":56}},"type":"binary-expr","locations":[{"start":{"line":6,"column":15},"end":{"line":6,"column":50}},{"start":{"line":6,"column":54},"end":{"line":6,"column":56}}],"line":6},"2":{"loc":{"start":{"line":58,"column":36},"end":{"line":58,"column":69}},"type":"cond-expr","locations":[{"start":{"line":58,"column":48},"end":{"line":58,"column":57}},{"start":{"line":58,"column":60},"end":{"line":58,"column":69}}],"line":58},"3":{"loc":{"start":{"line":59,"column":34},"end":{"line":59,"column":76}},"type":"cond-expr","locations":[{"start":{"line":59,"column":46},"end":{"line":59,"column":57}},{"start":{"line":59,"column":60},"end":{"line":59,"column":76}}],"line":59},"4":{"loc":{"start":{"line":72,"column":0},"end":{"line":74,"column":1}},"type":"if","locations":[{"start":{"line":72,"column":0},"end":{"line":74,"column":1}},{"start":{},"end":{}}],"line":72},"5":{"loc":{"start":{"line":72,"column":4},"end":{"line":72,"column":60}},"type":"binary-expr","locations":[{"start":{"line":72,"column":4},"end":{"line":72,"column":33}},{"start":{"line":72,"column":37},"end":{"line":72,"column":60}}],"line":72}},"s":{"0":4,"1":4,"2":4,"3":1,"4":3,"5":3,"6":1,"7":1,"8":4,"9":4,"10":4,"11":4,"12":4,"13":0,"14":0,"15":2,"16":2,"17":2,"18":2,"19":4,"20":2,"21":4,"22":2,"23":4,"24":2,"25":4,"26":2,"27":4,"28":2,"29":2,"30":2,"31":0,"32":1,"33":1,"34":1},"f":{"0":4,"1":4,"2":2,"3":4,"4":4,"5":4,"6":4,"7":4},"b":{"0":[1,3],"1":[3,0],"2":[1,1],"3":[1,1],"4":[1,0],"5":[1,1]},"_coverageSchema":"1a1c01bbd47fc00a2c39e90264f33305004495a9","hash":"adcd806055789b7e5b1612072e20d50f5648b233"}
}
