TN:
SF:vuln-dashboard\opa-integration.js
FN:1,fetchVulnerabilityData
FN:13,checkContainerSecurity
FN:32,updateDashboard
FN:38,(anonymous_3)
FN:40,(anonymous_4)
FN:42,(anonymous_5)
FN:44,(anonymous_6)
FN:50,(anonymous_7)
FNF:8
FNH:8
FNDA:4,fetchVulnerabilityData
FNDA:4,checkContainerSecurity
FNDA:2,updateDashboard
FNDA:4,(anonymous_3)
FNDA:4,(anonymous_4)
FNDA:4,(anonymous_5)
FNDA:4,(anonymous_6)
FNDA:4,(anonymous_7)
DA:2,4
DA:3,4
DA:4,4
DA:5,3
DA:6,3
DA:8,1
DA:9,1
DA:14,4
DA:15,4
DA:23,4
DA:24,4
DA:25,4
DA:27,0
DA:28,0
DA:33,2
DA:34,2
DA:35,2
DA:37,2
DA:38,4
DA:39,2
DA:40,4
DA:41,2
DA:42,4
DA:43,2
DA:44,4
DA:46,2
DA:50,4
DA:57,2
DA:58,2
DA:59,2
DA:62,0
DA:66,1
DA:72,1
DA:73,1
LF:34
LH:31
BRDA:4,0,0,1
BRDA:4,0,1,3
BRDA:6,1,0,3
BRDA:6,1,1,0
BRDA:58,2,0,1
BRDA:58,2,1,1
BRDA:59,3,0,1
BRDA:59,3,1,1
BRDA:72,4,0,1
BRDA:72,4,1,0
BRDA:72,5,0,1
BRDA:72,5,1,1
BRF:12
BRH:10
end_of_record
